c:\users\catherinerose.lim\desktop\googletest\sample_2\prodcode\prodcode\prodcode\debug\prodcode.pch
c:\users\catherinerose.lim\desktop\googletest\sample_2\prodcode\prodcode\prodcode\debug\vc141.pdb
c:\users\catherinerose.lim\desktop\googletest\sample_2\prodcode\prodcode\prodcode\debug\vc141.idb
c:\users\catherinerose.lim\desktop\googletest\sample_2\prodcode\prodcode\prodcode\debug\stdafx.obj
c:\users\catherinerose.lim\desktop\googletest\sample_2\prodcode\prodcode\prodcode\debug\simplemath.obj
c:\users\catherinerose.lim\desktop\googletest\sample_2\prodcode\prodcode\prodcode\debug\prodcode.obj
c:\users\catherinerose.lim\desktop\googletest\sample_2\prodcode\prodcode\prodcode\debug\dllmain.obj
c:\users\catherinerose.lim\desktop\googletest\sample_2\prodcode\prodcode\prodcode\debug\traveller_nonmock.obj
c:\users\catherinerose.lim\desktop\googletest\sample_2\prodcode\prodcode\prodcode\debug\traveller.obj
c:\users\catherinerose.lim\desktop\googletest\sample_2\prodcode\prodcode\prodcode\debug\continenthelper.obj
c:\users\catherinerose.lim\desktop\googletest\sample\prodcode\prodcode\prodcode\debug\prodcode.pch
c:\users\catherinerose.lim\desktop\googletest\sample\prodcode\prodcode\prodcode\debug\vc141.pdb
c:\users\catherinerose.lim\desktop\googletest\sample\prodcode\prodcode\prodcode\debug\vc141.idb
c:\users\catherinerose.lim\desktop\googletest\sample\prodcode\prodcode\prodcode\debug\stdafx.obj
c:\users\catherinerose.lim\desktop\googletest\sample\prodcode\prodcode\prodcode\debug\traveller_nonmock.obj
c:\users\catherinerose.lim\desktop\googletest\sample\prodcode\prodcode\prodcode\debug\traveller.obj
c:\users\catherinerose.lim\desktop\googletest\sample\prodcode\prodcode\prodcode\debug\simplemath.obj
c:\users\catherinerose.lim\desktop\googletest\sample\prodcode\prodcode\prodcode\debug\prodcode.obj
c:\users\catherinerose.lim\desktop\googletest\sample\prodcode\prodcode\prodcode\debug\dllmain.obj
c:\users\catherinerose.lim\desktop\googletest\sample\prodcode\prodcode\prodcode\debug\continenthelper.obj
c:\users\catherinerose.lim\desktop\googletest\sample_2\prodcode\prodcode\debug\prodcode.dll
c:\users\catherinerose.lim\desktop\googletest\sample_2\prodcode\prodcode\debug\prodcode.ilk
c:\users\catherinerose.lim\desktop\googletest\sample_2\prodcode\prodcode\debug\prodcode.pdb
c:\users\catherinerose.lim\desktop\googletest\sample\prodcode\prodcode\debug\prodcode.dll
c:\users\catherinerose.lim\desktop\googletest\sample\prodcode\prodcode\debug\prodcode.ilk
c:\users\catherinerose.lim\desktop\googletest\sample\prodcode\prodcode\debug\prodcode.pdb
c:\users\catherinerose.lim\desktop\googletest\sample_2\prodcode\prodcode\debug\prodcode.lib
c:\users\catherinerose.lim\desktop\googletest\sample_2\prodcode\prodcode\debug\prodcode.exp
c:\users\catherinerose.lim\desktop\googletest\sample\prodcode\prodcode\debug\prodcode.lib
c:\users\catherinerose.lim\desktop\googletest\sample\prodcode\prodcode\debug\prodcode.exp
c:\users\catherinerose.lim\desktop\googletest\sample\prodcode\prodcode\prodcode\debug\prodcode.tlog\cl.command.1.tlog
c:\users\catherinerose.lim\desktop\googletest\sample\prodcode\prodcode\prodcode\debug\prodcode.tlog\cl.read.1.tlog
c:\users\catherinerose.lim\desktop\googletest\sample\prodcode\prodcode\prodcode\debug\prodcode.tlog\cl.write.1.tlog
c:\users\catherinerose.lim\desktop\googletest\sample\prodcode\prodcode\prodcode\debug\prodcode.tlog\link.32420.delete.1.tlog
c:\users\catherinerose.lim\desktop\googletest\sample\prodcode\prodcode\prodcode\debug\prodcode.tlog\link.35788.delete.1.tlog
c:\users\catherinerose.lim\desktop\googletest\sample\prodcode\prodcode\prodcode\debug\prodcode.tlog\link.command.1.tlog
c:\users\catherinerose.lim\desktop\googletest\sample\prodcode\prodcode\prodcode\debug\prodcode.tlog\link.read.1.tlog
c:\users\catherinerose.lim\desktop\googletest\sample\prodcode\prodcode\prodcode\debug\prodcode.tlog\link.write.1.tlog
c:\users\catherinerose.lim\desktop\googletest\sample\prodcode\prodcode\prodcode\debug\prodcode.tlog\prodcode.write.1u.tlog
